


ARM Macro Assembler    Page 1 


    1 00000000                 AREA             test, CODE, READONLY
    2 00000000         
    3 00000000                 export           asm_var     ; label must be exp
                                                            orted if it is to b
                                                            e used as a functio
                                                            n in C
    4 00000000         asm_var
    5 00000000         
    6 00000000         ;**For ref: r0 = a, r1 = b, r2 = N, r3 = output result; 
                       as outlined in header file;
    7 00000000         
    8 00000000 B430            PUSH             {R4,R5}     ; saving context ac
                                                            cording to calling 
                                                            convention
    9 00000002         
   10 00000002 F04F 0600       MOV              R6, #0      ; set result = 0
   11 00000006 EE00 6A10       VMOV.f32         S0, R6      ; floating point re
                                                            sult
   12 0000000A EE72 2AE2       VSUB.f32         S5, S5, S5  ; sum = 0
   13 0000000E EDD1 4A00       VLDR.f32         S9, [R1]
   14 00000012 EEF8 4AE4       VCVT.f32.s32     S9,S9
   15 00000016         
   16 00000016         MEAN
   17 00000016 1E49            SUBS             R1,R1, #1
   18 00000018 DB06            BLT              VAR
   19 0000001A EB00 0481       ADD              R4, R0, R1, LSL #2 ; array
   20 0000001E EDD4 0A00       VLDR.f32         S1, [R4]    ; sum
   21 00000022 E7F8            B                MEAN
   22 00000024 EE80 1AA4       VDIV.f32         S2, S1, S9  ; mean
   23 00000028         
   24 00000028         VAR
   25 00000028 1E49            SUBS             R1, R1, #1  ;counter 
   26 0000002A DB0C            BLT              DONE
   27 0000002C EB00 0581       ADD              R5, R0, R1, LSL #2 ; array
   28 00000030 EDD5 1A00       VLDR.f32         S3, [R5]    ; load it to float
   29 00000034 EE31 2AC1       VSUB.f32         S4, S3, S2  ; subtract by mean 
                                                            (a[i]-mean)
   30 00000038 EE22 2A02       VMUL.f32         S4, S4, S4  ; (a[i]-mean)^2
   31 0000003C ED91 5A00       VLDR.f32         S10,[R1]
   32 00000040 EEC2 2A05       VDIV.f32         S5, S4, S10
   33 00000044 E7F0            B                VAR
   34 00000046         
   35 00000046         DONE
   36 00000046 ED83 0A00       VSTR.f32         S0,[R3]
   37 0000004A BC30            POP              {R4,R5}
   38 0000004C 4770            BX               LR
   39 0000004E                 END
Command Line: --debug --xref --diag_suppress=9931 --cpu=Cortex-M4.fp --apcs=int
erwork --depend=.\objects\asm_var.d -o.\objects\asm_var.o -IP:\GXX_Lab1\RTE -IC
:\Keil_v5\ARM\PACK\ARM\CMSIS\5.3.0\CMSIS\Include -IC:\Keil_v5\ARM\PACK\ARM\CMSI
S\5.3.0\Device\ARM\ARMCM4\Include --predefine="__EVAL SETA 1" --predefine="__UV
ISION_VERSION SETA 515" --predefine="_RTE_ SETA 1" --predefine="ARMCM4_FP SETA 
1" --list=.\listings\asm_var.lst asm\asm_var.s



ARM Macro Assembler    Page 1 Alphabetic symbol ordering
Relocatable symbols

DONE 00000046

Symbol: DONE
   Definitions
      At line 35 in file asm\asm_var.s
   Uses
      At line 26 in file asm\asm_var.s
Comment: DONE used once
MEAN 00000016

Symbol: MEAN
   Definitions
      At line 16 in file asm\asm_var.s
   Uses
      At line 21 in file asm\asm_var.s
Comment: MEAN used once
VAR 00000028

Symbol: VAR
   Definitions
      At line 24 in file asm\asm_var.s
   Uses
      At line 18 in file asm\asm_var.s
      At line 33 in file asm\asm_var.s

asm_var 00000000

Symbol: asm_var
   Definitions
      At line 4 in file asm\asm_var.s
   Uses
      At line 3 in file asm\asm_var.s
Comment: asm_var used once
test 00000000

Symbol: test
   Definitions
      At line 1 in file asm\asm_var.s
   Uses
      None
Comment: test unused
5 symbols
340 symbols in table
